[GIN-VUE-ADMIN]2021/06/05 - 09:59:56.837	[34minfo[0m	register table success
[GIN-VUE-ADMIN]2021/06/05 - 09:59:56.862	[34minfo[0m	use middleware logger
[GIN-VUE-ADMIN]2021/06/05 - 09:59:56.862	[34minfo[0m	use middleware cors
[GIN-VUE-ADMIN]2021/06/05 - 09:59:56.864	[34minfo[0m	register swagger handler
[GIN-VUE-ADMIN]2021/06/05 - 09:59:56.912	[34minfo[0m	router register success
[GIN-VUE-ADMIN]2021/06/05 - 09:59:56.914	[34minfo[0m	server run success on 	{"address": ":8888"}
[GIN-VUE-ADMIN]2021/06/05 - 10:00:42.323	[34minfo[0m	æ•°æ®åº“æ— éœ€åˆå§‹åŒ–
[GIN-VUE-ADMIN]2021/06/05 - 10:00:48.746	[34minfo[0m	æ•°æ®åº“æ— éœ€åˆå§‹åŒ–
[GIN-VUE-ADMIN]2021/06/05 - 11:13:34.449	[34minfo[0m	register table success
[GIN-VUE-ADMIN]2021/06/05 - 11:13:34.451	[34minfo[0m	use middleware logger
[GIN-VUE-ADMIN]2021/06/05 - 11:13:34.452	[34minfo[0m	use middleware cors
[GIN-VUE-ADMIN]2021/06/05 - 11:13:34.452	[34minfo[0m	register swagger handler
[GIN-VUE-ADMIN]2021/06/05 - 11:13:34.474	[34minfo[0m	router register success
[GIN-VUE-ADMIN]2021/06/05 - 11:13:34.479	[34minfo[0m	server run success on 	{"address": ":8888"}
[GIN-VUE-ADMIN]2021/06/05 - 11:14:02.743	[34minfo[0m	æ•°æ®åº“æ— éœ€åˆå§‹åŒ–
[GIN-VUE-ADMIN]2021/06/05 - 11:17:40.551	[34minfo[0m	æ•°æ®åº“æ— éœ€åˆå§‹åŒ–
[GIN-VUE-ADMIN]2021/06/05 - 11:17:43.864	[34minfo[0m	æ•°æ®åº“æ— éœ€åˆå§‹åŒ–
[GIN-VUE-ADMIN]2021/06/05 - 14:25:17.739	[34minfo[0m	æ•°æ®åº“æ— éœ€åˆå§‹åŒ–
[GIN-VUE-ADMIN]2021/06/05 - 14:41:05.703	[34minfo[0m	æ•°æ®åº“æ— éœ€åˆå§‹åŒ–
[GIN-VUE-ADMIN]2021/06/05 - 15:50:27.081	[34minfo[0m	æ•°æ®åº“æ— éœ€åˆå§‹åŒ–
[GIN-VUE-ADMIN]2021/06/05 - 15:53:04.946	[34minfo[0m	æ•°æ®åº“æ— éœ€åˆå§‹åŒ–
[GIN-VUE-ADMIN]2021/06/05 - 15:53:52.617	[34minfo[0m	æ•°æ®åº“æ— éœ€åˆå§‹åŒ–
[GIN-VUE-ADMIN]2021/06/05 - 16:16:01.719	[34minfo[0m	register table success
[GIN-VUE-ADMIN]2021/06/05 - 16:16:01.721	[34minfo[0m	use middleware logger
[GIN-VUE-ADMIN]2021/06/05 - 16:16:01.722	[34minfo[0m	use middleware cors
[GIN-VUE-ADMIN]2021/06/05 - 16:16:01.722	[34minfo[0m	register swagger handler
[GIN-VUE-ADMIN]2021/06/05 - 16:16:01.745	[34minfo[0m	router register success
[GIN-VUE-ADMIN]2021/06/05 - 16:16:01.749	[34minfo[0m	server run success on 	{"address": ":8888"}
[GIN-VUE-ADMIN]2021/06/05 - 16:16:40.451	[31merror[0m	register table failed	{"err": "Error 1064: You have an error in your SQL syntax; check the manual that corresponds to your MariaDB server version for the right syntax to use near '(4294967295) COMMENT \"å®£ä¼ æµ·æŠ¥\"' at line 1"}
[GIN-VUE-ADMIN]2021/06/05 - 16:20:31.581	[34minfo[0m	register table success
[GIN-VUE-ADMIN]2021/06/05 - 16:20:31.584	[34minfo[0m	use middleware logger
[GIN-VUE-ADMIN]2021/06/05 - 16:20:31.584	[34minfo[0m	use middleware cors
[GIN-VUE-ADMIN]2021/06/05 - 16:20:31.584	[34minfo[0m	register swagger handler
[GIN-VUE-ADMIN]2021/06/05 - 16:20:31.605	[34minfo[0m	router register success
[GIN-VUE-ADMIN]2021/06/05 - 16:20:31.609	[34minfo[0m	server run success on 	{"address": ":8888"}
[GIN-VUE-ADMIN]2021/06/05 - 16:31:23.461	[34minfo[0m	register table success
[GIN-VUE-ADMIN]2021/06/05 - 16:31:23.464	[34minfo[0m	use middleware logger
[GIN-VUE-ADMIN]2021/06/05 - 16:31:23.464	[34minfo[0m	use middleware cors
[GIN-VUE-ADMIN]2021/06/05 - 16:31:23.465	[34minfo[0m	register swagger handler
[GIN-VUE-ADMIN]2021/06/05 - 16:31:23.489	[34minfo[0m	router register success
[GIN-VUE-ADMIN]2021/06/05 - 16:31:23.493	[34minfo[0m	server run success on 	{"address": ":8888"}
[GIN-VUE-ADMIN]2021/06/05 - 16:31:37.471	[34minfo[0m	æ•°æ®åº“æ— éœ€åˆå§‹åŒ–
[GIN-VUE-ADMIN]2021/06/05 - 16:41:37.231	[34minfo[0m	æ•°æ®åº“æ— éœ€åˆå§‹åŒ–
[GIN-VUE-ADMIN]2021/06/05 - 16:43:51.430	[34minfo[0m	æ•°æ®åº“æ— éœ€åˆå§‹åŒ–
[GIN-VUE-ADMIN]2021/06/05 - 16:45:47.719	[34minfo[0m	æ•°æ®åº“æ— éœ€åˆå§‹åŒ–
[GIN-VUE-ADMIN]2021/06/05 - 16:48:12.212	[34minfo[0m	register table success
[GIN-VUE-ADMIN]2021/06/05 - 16:48:12.215	[34minfo[0m	use middleware logger
[GIN-VUE-ADMIN]2021/06/05 - 16:48:12.215	[34minfo[0m	use middleware cors
[GIN-VUE-ADMIN]2021/06/05 - 16:48:12.216	[34minfo[0m	register swagger handler
[GIN-VUE-ADMIN]2021/06/05 - 16:48:12.243	[34minfo[0m	router register success
[GIN-VUE-ADMIN]2021/06/05 - 16:48:12.250	[34minfo[0m	server run success on 	{"address": ":8888"}
[GIN-VUE-ADMIN]2021/06/05 - 16:54:08.057	[34minfo[0m	register table success
[GIN-VUE-ADMIN]2021/06/05 - 16:54:08.060	[34minfo[0m	use middleware logger
[GIN-VUE-ADMIN]2021/06/05 - 16:54:08.060	[34minfo[0m	use middleware cors
[GIN-VUE-ADMIN]2021/06/05 - 16:54:08.061	[34minfo[0m	register swagger handler
[GIN-VUE-ADMIN]2021/06/05 - 16:54:08.088	[34minfo[0m	router register success
[GIN-VUE-ADMIN]2021/06/05 - 16:54:08.102	[34minfo[0m	server run success on 	{"address": ":8888"}
[GIN-VUE-ADMIN]2021/06/05 - 16:56:32.429	[34minfo[0m	register table success
[GIN-VUE-ADMIN]2021/06/05 - 16:56:32.440	[34minfo[0m	use middleware logger
[GIN-VUE-ADMIN]2021/06/05 - 16:56:32.441	[34minfo[0m	use middleware cors
[GIN-VUE-ADMIN]2021/06/05 - 16:56:32.444	[34minfo[0m	register swagger handler
[GIN-VUE-ADMIN]2021/06/05 - 16:56:32.515	[34minfo[0m	router register success
[GIN-VUE-ADMIN]2021/06/05 - 16:56:32.529	[34minfo[0m	server run success on 	{"address": ":8888"}
[GIN-VUE-ADMIN]2021/06/05 - 17:00:05.784	[34minfo[0m	register table success
[GIN-VUE-ADMIN]2021/06/05 - 17:00:05.792	[34minfo[0m	use middleware logger
[GIN-VUE-ADMIN]2021/06/05 - 17:00:05.793	[34minfo[0m	use middleware cors
[GIN-VUE-ADMIN]2021/06/05 - 17:00:05.794	[34minfo[0m	register swagger handler
[GIN-VUE-ADMIN]2021/06/05 - 17:00:05.889	[34minfo[0m	router register success
[GIN-VUE-ADMIN]2021/06/05 - 17:00:05.906	[34minfo[0m	server run success on 	{"address": ":8888"}
[GIN-VUE-ADMIN]2021/06/05 - 17:03:04.385	[34minfo[0m	æ•°æ®åº“æ— éœ€åˆå§‹åŒ–
[GIN-VUE-ADMIN]2021/06/05 - 17:03:09.364	[34minfo[0m	æ•°æ®åº“æ— éœ€åˆå§‹åŒ–
[GIN-VUE-ADMIN]2021/06/05 - 17:08:55.002	[34minfo[0m	register table success
[GIN-VUE-ADMIN]2021/06/05 - 17:08:55.005	[34minfo[0m	use middleware logger
[GIN-VUE-ADMIN]2021/06/05 - 17:08:55.005	[34minfo[0m	use middleware cors
[GIN-VUE-ADMIN]2021/06/05 - 17:08:55.006	[34minfo[0m	register swagger handler
[GIN-VUE-ADMIN]2021/06/05 - 17:08:55.035	[34minfo[0m	router register success
[GIN-VUE-ADMIN]2021/06/05 - 17:08:55.041	[34minfo[0m	server run success on 	{"address": ":8888"}
[GIN-VUE-ADMIN]2021/06/05 - 17:09:04.148	[34minfo[0m	æ•°æ®åº“æ— éœ€åˆå§‹åŒ–
[GIN-VUE-ADMIN]2021/06/05 - 17:15:47.881	[34minfo[0m	æ•°æ®åº“æ— éœ€åˆå§‹åŒ–
